Sunday 6-3-2022 a 19:1 Admin a fait passe la quantite de ParleG de 10 à 460
Sunday 6-3-2022 a 19:8 Admin a fait passé le prix de ParleG de 50.0 à 150.0
Monday 7-3-2022 a 8:55 Admin a fait passé le prix de ParleG de 100.0 à 150.0
Monday 7-3-2022 a 9:5 Admin a tire au sort le gagnant de la semaine: [{'id': 2, 'name': 'kevin', 'totalExpenses': 370500.0, 'fidelityPoints': 0, 'gains': 0, 'bonAchat': 10000}]
Monday 7-3-2022 a 13:39 Admin a fait passé le prix de ParleG de 50.0 à 150.0
Monday 7-3-2022 a 13:45 Admin a fait passe la quantite de ParleG de 10 à 210
Monday 7-3-2022 a 13:45 Admin a fait passe la quantite de OchocoAuLait de 10 à 160
Monday 7-3-2022 a 13:46 Admin a consulte la liste des produits dont le stock est inferieur a 200
Monday 7-3-2022 a 13:49 Admin a fait passé le prix de ParleG de 50.0 à 150.0
Monday 7-3-2022 a 16:15 Admin a tire au sort le gagnant de la semaine: [{'id': 3, 'name': 'nathasha', 'totalExpenses': 790250.0, 'fidelityPoints': 0, 'gains': 0, 'bonAchat': 10000}]
Monday 7-3-2022 a 16:17 Admin a tire au sort le gagnant de la semaine: [{'id': 1, 'name': 'destino', 'totalExpenses': 563000.0, 'fidelityPoints': 0, 'gains': 0, 'bonAchat': 10000}]
Monday 7-3-2022 a 16:26 Admin a tire au sort le gagnant de la semaine: [{'id': 4, 'name': 'roche', 'totalExpenses': 963000.0, 'fidelityPoints': 0, 'gains': 0, 'bonAchat': 10000}]
Monday 7-3-2022 a 16:45 Admin a fait passe la quantite de ParleG de 10 à 30
Monday 7-3-2022 a 16:49 Admin a tire au sort le gagnant de la semaine: [{'id': 5, 'name': 'yolande', 'totalExpenses': 139600.0, 'fidelityPoints': 0, 'gains': 0, 'bonAchat': 10000}]
Monday 7-3-2022 a 16:59 Admin a tire au sort le gagnant de la semaine: [{'id': 1, 'name': 'destino', 'totalExpenses': 563000.0, 'fidelityPoints': 0, 'gains': 0, 'bonAchat': 10000}]
Monday 7-3-2022 a 16:59 Admin a tire au sort le gagnant de la semaine: [{'id': 8, 'name': 'manuelle', 'totalExpenses': 698450.0, 'fidelityPoints': 0, 'gains': 0, 'bonAchat': 10000}]
Monday 7-3-2022 a 17:5 Admin a tire au sort le gagnant de la semaine: [{'id': 11, 'name': 'cedric', 'totalExpenses': 987641.0, 'fidelityPoints': 0, 'gains': 0, 'bonAchat': 10000}]
Monday 7-3-2022 a 17:7 Admin a tire au sort le gagnant de la semaine: [{'id': 1, 'name': 'destino', 'totalExpenses': 876451.0, 'fidelityPoints': 0, 'gains': 0, 'bonAchat': 10000}]
Monday 7-3-2022 a 17:22 Admin a tire au sort le gagnant de la semaine: [{'id': 3, 'name': 'nathasha', 'totalExpenses': 0.0, 'fidelityPoints': 0, 'gains': 0, 'bonAchat': 10000}]
Monday 7-3-2022 a 17:26 Admin a tire au sort le gagnant de la semaine: [{'id': 1, 'name': 'destino', 'totalExpenses': 0.0, 'fidelityPoints': 0, 'gains': 0, 'bonAchat': 10000}]
Monday 7-3-2022 a 17:30 Admin a tire au sort le gagnant de la semaine: [{'id': 1, 'name': 'destino', 'totalExpenses': 0.0, 'fidelityPoints': 0, 'gains': 0, 'bonAchat': 10000}]
Monday 7-3-2022 a 17:58 Admin a tire au sort le gagnant de la semaine: [{'id': 1, 'name': 'destino', 'totalExpenses': 0.0, 'fidelityPoints': 0, 'gains': 0, 'bonAchat': 10000}]
Tuesday 8-3-2022 a 11:56 Admin a ajoute le produit [{'id': 5, 'name': 'Risoteau', 'quantity': 50, 'price': 200.0}]
Wednesday 9-3-2022 a 9:58 Admin a ajoute le produit [{'id': 6, 'name': 'Chill', 'quantity': 24, 'price': 500.0}]
Wednesday 9-3-2022 a 9:59 Admin a fait passé le prix de Chill de 500.0 à 1050.0
Wednesday 9-3-2022 a 10:0 Admin a ajoute le produit [{'id': 7, 'name': 'Harricot', 'quantity': 600, 'price': 250.0}]
Wednesday 9-3-2022 a 10:1 Admin a consulte la liste des produits dont le stock est inferieur a 100
Wednesday 9-3-2022 a 10:2 Admin a consulte la liste des 3 meilleurs clients sur 2
Wednesday 9-3-2022 a 10:3 Admin a tire au sort le gagnant de la semaine: [{'id': 2, 'name': 'ibiki', 'totalExpenses': 0.0, 'fidelityPoints': 0, 'won': 10000.0, 'bonAchat': 1}]
Wednesday 9-3-2022 a 10:3 Admin a consulte la liste des produits dont le stock est inferieur a 10
Wednesday 9-3-2022 a 10:50 Admin a ajoute le produit [{'id': 5, 'name': 'Chill', 'quantity': 24, 'price': 500.0}]
Wednesday 9-3-2022 a 10:59 Admin a consulte la liste des 3 meilleurs clients sur 7
